Release 12.3 - xst M.70d (nt)
Copyright (c) 1995-2010 Xilinx, Inc.  All rights reserved.
--> Parameter TMPDIR set to xst/projnav.tmp


Total REAL time to Xst completion: 0.00 secs
Total CPU time to Xst completion: 0.08 secs
 
--> Parameter xsthdpdir set to xst


Total REAL time to Xst completion: 0.00 secs
Total CPU time to Xst completion: 0.08 secs
 
--> Reading design: alu.prj

TABLE OF CONTENTS
  1) Synthesis Options Summary
  2) HDL Parsing
  3) HDL Elaboration
  4) HDL Synthesis
       4.1) HDL Synthesis Report
  5) Advanced HDL Synthesis
       5.1) Advanced HDL Synthesis Report
  6) Low Level Synthesis
  7) Partition Report
  8) Design Summary
       8.1) Primitive and Black Box Usage
       8.2) Device utilization summary
       8.3) Partition Resource Summary
       8.4) Timing Report
            8.4.1) Clock Information
            8.4.2) Asynchronous Control Signals Information
            8.4.3) Timing Summary
            8.4.4) Timing Details
            8.4.5) Cross Clock Domains Report


=========================================================================
*                      Synthesis Options Summary                        *
=========================================================================
---- Source Parameters
Input File Name                    : "alu.prj"
Input Format                       : mixed
Ignore Synthesis Constraint File   : NO

---- Target Parameters
Output File Name                   : "alu"
Output Format                      : NGC
Target Device                      : xa6slx16-3-csg324

---- Source Options
Top Module Name                    : alu
Automatic FSM Extraction           : YES
FSM Encoding Algorithm             : Auto
Safe Implementation                : No
FSM Style                          : LUT
RAM Extraction                     : Yes
RAM Style                          : Auto
ROM Extraction                     : Yes
Shift Register Extraction          : YES
ROM Style                          : Auto
Resource Sharing                   : YES
Asynchronous To Synchronous        : NO
Shift Register Minimum Size        : 2
Use DSP Block                      : Auto
Automatic Register Balancing       : No

---- Target Options
LUT Combining                      : Auto
Reduce Control Sets                : Auto
Add IO Buffers                     : YES
Global Maximum Fanout              : 100000
Add Generic Clock Buffer(BUFG)     : 16
Register Duplication               : YES
Optimize Instantiated Primitives   : NO
Use Clock Enable                   : Auto
Use Synchronous Set                : Auto
Use Synchronous Reset              : Auto
Pack IO Registers into IOBs        : Auto
Equivalent register Removal        : YES

---- General Options
Optimization Goal                  : Speed
Optimization Effort                : 1
Power Reduction                    : NO
Keep Hierarchy                     : No
Netlist Hierarchy                  : As_Optimized
RTL Output                         : Yes
Global Optimization                : AllClockNets
Read Cores                         : YES
Write Timing Constraints           : NO
Cross Clock Analysis               : NO
Hierarchy Separator                : /
Bus Delimiter                      : <>
Case Specifier                     : Maintain
Slice Utilization Ratio            : 100
BRAM Utilization Ratio             : 100
DSP48 Utilization Ratio            : 100
Auto BRAM Packing                  : NO
Slice Utilization Ratio Delta      : 5

---- Other Options
Cores Search Directories           : {"ipcore_dir"  }

=========================================================================


=========================================================================
*                          HDL Parsing                                  *
=========================================================================
Analyzing Verilog file \"\lab3\lab3\alu.v\" into library work
Parsing module <alu>.

=========================================================================
*                            HDL Elaboration                            *
=========================================================================

Elaborating module <alu>.
WARNING:HDLCompiler:1127 - "\lab3\lab3\alu.v" Line 35: Assignment to sign ignored, since the identifier is never used

=========================================================================
*                           HDL Synthesis                               *
=========================================================================

Synthesizing Unit <alu>.
    Related source file is "/lab3/lab3/alu.v".
        A_NOP = 5'b00000
        A_ADD = 5'b00001
        A_SUB = 5'b00010
        A_AND = 5'b00011
        A_OR = 5'b00100
        A_XOR = 5'b00101
        A_NOR = 5'b00110
    Found 33-bit adder for signal <n0052> created at line 38.
    Found 32-bit subtractor for signal <alu_a[31]_alu_b[31]_sub_2_OUT<31:0>> created at line 39.
    Found 32-bit 6-to-1 multiplexer for signal <_n0082> created at line 37.
WARNING:Xst:737 - Found 1-bit latch for signal <alu_out<30>>. Latches may be generated from incomplete case or if statements. We do not recommend the use of latches in FPGA/CPLD designs, as they may lead to timing problems.
WARNING:Xst:737 - Found 1-bit latch for signal <alu_out<29>>. Latches may be generated from incomplete case or if statements. We do not recommend the use of latches in FPGA/CPLD designs, as they may lead to timing problems.
WARNING:Xst:737 - Found 1-bit latch for signal <alu_out<28>>. Latches may be generated from incomplete case or if statements. We do not recommend the use of latches in FPGA/CPLD designs, as they may lead to timing problems.
WARNING:Xst:737 - Found 1-bit latch for signal <alu_out<27>>. Latches may be generated from incomplete case or if statements. We do not recommend the use of latches in FPGA/CPLD designs, as they may lead to timing problems.
WARNING:Xst:737 - Found 1-bit latch for signal <alu_out<26>>. Latches may be generated from incomplete case or if statements. We do not recommend the use of latches in FPGA/CPLD designs, as they may lead to timing problems.
WARNING:Xst:737 - Found 1-bit latch for signal <alu_out<25>>. Latches may be generated from incomplete case or if statements. We do not recommend the use of latches in FPGA/CPLD designs, as they may lead to timing problems.
WARNING:Xst:737 - Found 1-bit latch for signal <alu_out<24>>. Latches may be generated from incomplete case or if statements. We do not recommend the use of latches in FPGA/CPLD designs, as they may lead to timing problems.
WARNING:Xst:737 - Found 1-bit latch for signal <alu_out<23>>. Latches may be generated from incomplete case or if statements. We do not recommend the use of latches in FPGA/CPLD designs, as they may lead to timing problems.
WARNING:Xst:737 - Found 1-bit latch for signal <alu_out<22>>. Latches may be generated from incomplete case or if statements. We do not recommend the use of latches in FPGA/CPLD designs, as they may lead to timing problems.
WARNING:Xst:737 - Found 1-bit latch for signal <alu_out<21>>. Latches may be generated from incomplete case or if statements. We do not recommend the use of latches in FPGA/CPLD designs, as they may lead to timing problems.
WARNING:Xst:737 - Found 1-bit latch for signal <alu_out<20>>. Latches may be generated from incomplete case or if statements. We do not recommend the use of latches in FPGA/CPLD designs, as they may lead to timing problems.
WARNING:Xst:737 - Found 1-bit latch for signal <alu_out<19>>. Latches may be generated from incomplete case or if statements. We do not recommend the use of latches in FPGA/CPLD designs, as they may lead to timing problems.
WARNING:Xst:737 - Found 1-bit latch for signal <alu_out<18>>. Latches may be generated from incomplete case or if statements. We do not recommend the use of latches in FPGA/CPLD designs, as they may lead to timing problems.
WARNING:Xst:737 - Found 1-bit latch for signal <alu_out<17>>. Latches may be generated from incomplete case or if statements. We do not recommend the use of latches in FPGA/CPLD designs, as they may lead to timing problems.
WARNING:Xst:737 - Found 1-bit latch for signal <alu_out<16>>. Latches may be generated from incomplete case or if statements. We do not recommend the use of latches in FPGA/CPLD designs, as they may lead to timing problems.
WARNING:Xst:737 - Found 1-bit latch for signal <alu_out<15>>. Latches may be generated from incomplete case or if statements. We do not recommend the use of latches in FPGA/CPLD designs, as they may lead to timing problems.
WARNING:Xst:737 - Found 1-bit latch for signal <alu_out<14>>. Latches may be generated from incomplete case or if statements. We do not recommend the use of latches in FPGA/CPLD designs, as they may lead to timing problems.
WARNING:Xst:737 - Found 1-bit latch for signal <alu_out<13>>. Latches may be generated from incomplete case or if statements. We do not recommend the use of latches in FPGA/CPLD designs, as they may lead to timing problems.
WARNING:Xst:737 - Found 1-bit latch for signal <alu_out<12>>. Latches may be generated from incomplete case or if statements. We do not recommend the use of latches in FPGA/CPLD designs, as they may lead to timing problems.
WARNING:Xst:737 - Found 1-bit latch for signal <alu_out<11>>. Latches may be generated from incomplete case or if statements. We do not recommend the use of latches in FPGA/CPLD designs, as they may lead to timing problems.
WARNING:Xst:737 - Found 1-bit latch for signal <alu_out<10>>. Latches may be generated from incomplete case or if statements. We do not recommend the use of latches in FPGA/CPLD designs, as they may lead to timing problems.
WARNING:Xst:737 - Found 1-bit latch for signal <alu_out<9>>. Latches may be generated from incomplete case or if statements. We do not recommend the use of latches in FPGA/CPLD designs, as they may lead to timing problems.
WARNING:Xst:737 - Found 1-bit latch for signal <alu_out<8>>. Latches may be generated from incomplete case or if statements. We do not recommend the use of latches in FPGA/CPLD designs, as they may lead to timing problems.
WARNING:Xst:737 - Found 1-bit latch for signal <alu_out<7>>. Latches may be generated from incomplete case or if statements. We do not recommend the use of latches in FPGA/CPLD designs, as they may lead to timing problems.
WARNING:Xst:737 - Found 1-bit latch for signal <alu_out<6>>. Latches may be generated from incomplete case or if statements. We do not recommend the use of latches in FPGA/CPLD designs, as they may lead to timing problems.
WARNING:Xst:737 - Found 1-bit latch for signal <alu_out<5>>. Latches may be generated from incomplete case or if statements. We do not recommend the use of latches in FPGA/CPLD designs, as they may lead to timing problems.
WARNING:Xst:737 - Found 1-bit latch for signal <alu_out<4>>. Latches may be generated from incomplete case or if statements. We do not recommend the use of latches in FPGA/CPLD designs, as they may lead to timing problems.
WARNING:Xst:737 - Found 1-bit latch for signal <alu_out<3>>. Latches may be generated from incomplete case or if statements. We do not recommend the use of latches in FPGA/CPLD designs, as they may lead to timing problems.
WARNING:Xst:737 - Found 1-bit latch for signal <alu_out<2>>. Latches may be generated from incomplete case or if statements. We do not recommend the use of latches in FPGA/CPLD designs, as they may lead to timing problems.
WARNING:Xst:737 - Found 1-bit latch for signal <alu_out<1>>. Latches may be generated from incomplete case or if statements. We do not recommend the use of latches in FPGA/CPLD designs, as they may lead to timing problems.
WARNING:Xst:737 - Found 1-bit latch for signal <alu_out<0>>. Latches may be generated from incomplete case or if statements. We do not recommend the use of latches in FPGA/CPLD designs, as they may lead to timing problems.
WARNING:Xst:737 - Found 1-bit latch for signal <alu_out<31>>. Latches may be generated from incomplete case or if statements. We do not recommend the use of latches in FPGA/CPLD designs, as they may lead to timing problems.
    Summary:
	inferred   2 Adder/Subtractor(s).
	inferred  32 Latch(s).
	inferred   1 Multiplexer(s).
Unit <alu> synthesized.

=========================================================================
HDL Synthesis Report

Macro Statistics
# Adders/Subtractors                                   : 2
 32-bit subtractor                                     : 1
 33-bit adder                                          : 1
# Latches                                              : 32
 1-bit latch                                           : 32
# Multiplexers                                         : 1
 32-bit 6-to-1 multiplexer                             : 1
# Xors                                                 : 1
 32-bit xor2                                           : 1

=========================================================================

=========================================================================
*                       Advanced HDL Synthesis                          *
=========================================================================


=========================================================================
Advanced HDL Synthesis Report

Macro Statistics
# Adders/Subtractors                                   : 2
 32-bit adder                                          : 1
 32-bit subtractor                                     : 1
# Multiplexers                                         : 1
 32-bit 6-to-1 multiplexer                             : 1
# Xors                                                 : 1
 32-bit xor2                                           : 1

=========================================================================

=========================================================================
*                         Low Level Synthesis                           *
=========================================================================

Optimizing unit <alu> ...

Mapping all equations...
Building and optimizing final netlist ...
Found area constraint ratio of 100 (+ 5) on block alu, actual ratio is 3.

Final Macro Processing ...

=========================================================================
Final Register Report

Found no macro
=========================================================================

=========================================================================
*                           Partition Report                            *
=========================================================================

Partition Implementation Status
-------------------------------

  No Partitions were found in this design.

-------------------------------

=========================================================================
*                            Design Summary                             *
=========================================================================

Top Level Output File Name         : alu.ngc

Primitive and Black Box Usage:
------------------------------
# BELS                             : 289
#      GND                         : 1
#      LUT2                        : 64
#      LUT5                        : 1
#      LUT6                        : 64
#      MUXCY                       : 62
#      MUXF7                       : 32
#      VCC                         : 1
#      XORCY                       : 64
# FlipFlops/Latches                : 32
#      LD                          : 32
# Clock Buffers                    : 1
#      BUFG                        : 1
# IO Buffers                       : 101
#      IBUF                        : 69
#      OBUF                        : 32

Device utilization summary:
---------------------------

Selected Device : xa6slx16csg324-3 


Slice Logic Utilization: 
 Number of Slice LUTs:                  129  out of   9112     1%  
    Number used as Logic:               129  out of   9112     1%  

Slice Logic Distribution: 
 Number of LUT Flip Flop pairs used:    129
   Number with an unused Flip Flop:     129  out of    129   100%  
   Number with an unused LUT:             0  out of    129     0%  
   Number of fully used LUT-FF pairs:     0  out of    129     0%  
   Number of unique control sets:         1

IO Utilization: 
 Number of IOs:                         101
 Number of bonded IOBs:                 101  out of    232    43%  
    IOB Flip Flops/Latches:              32

Specific Feature Utilization:
 Number of BUFG/BUFGCTRLs:                1  out of     16     6%  

---------------------------
Partition Resource Summary:
---------------------------

  No Partitions were found in this design.

---------------------------


=========================================================================
Timing Report

NOTE: THESE TIMING NUMBERS ARE ONLY A SYNTHESIS ESTIMATE.
      FOR ACCURATE TIMING INFORMATION PLEASE REFER TO THE TRACE REPORT
      GENERATED AFTER PLACE-and-ROUTE.

Clock Information:
------------------
-----------------------------------+------------------------+-------+
Clock Signal                       | Clock buffer(FF name)  | Load  |
-----------------------------------+------------------------+-------+
_n0086(_n00861:O)                  | BUFG(*)(alu_out_30)    | 32    |
-----------------------------------+------------------------+-------+
(*) This 1 clock signal(s) are generated by combinatorial logic,
and XST is not able to identify which are the primary clock signals.
Please use the CLOCK_SIGNAL constraint to specify the clock signal(s) generated by combinatorial logic.

Asynchronous Control Signals Information:
----------------------------------------
No asynchronous control signals found in this design

Timing Summary:
---------------
Speed Grade: -3

   Minimum period: No path found
   Minimum input arrival time before clock: 4.470ns
   Maximum output required time after clock: 3.875ns
   Maximum combinational path delay: No path found

Timing Details:
---------------
All values displayed in nanoseconds (ns)

=========================================================================
Timing constraint: Default OFFSET IN BEFORE for Clock '_n0086'
  Total number of paths / destination ports: 4976 / 32
-------------------------------------------------------------------------
Offset:              4.470ns (Levels of Logic = 36)
  Source:            alu_a<0> (PAD)
  Destination:       alu_out_31 (LATCH)
  Destination Clock: _n0086 falling

  Data Path: alu_a<0> to alu_out_31
                                Gate     Net
    Cell:in->out      fanout   Delay   Delay  Logical Name (Net Name)
    ----------------------------------------  ------------
     IBUF:I->O             4   1.228   0.792  alu_a_0_IBUF (alu_a_0_IBUF)
     LUT2:I0->O            1   0.250   0.000  Madd_n0052_Madd_lut<0> (Madd_n0052_Madd_lut<0>)
     MUXCY:S->O            1   0.215   0.000  Madd_n0052_Madd_cy<0> (Madd_n0052_Madd_cy<0>)
     MUXCY:CI->O           1   0.023   0.000  Madd_n0052_Madd_cy<1> (Madd_n0052_Madd_cy<1>)
     MUXCY:CI->O           1   0.023   0.000  Madd_n0052_Madd_cy<2> (Madd_n0052_Madd_cy<2>)
     MUXCY:CI->O           1   0.023   0.000  Madd_n0052_Madd_cy<3> (Madd_n0052_Madd_cy<3>)
     MUXCY:CI->O           1   0.023   0.000  Madd_n0052_Madd_cy<4> (Madd_n0052_Madd_cy<4>)
     MUXCY:CI->O           1   0.023   0.000  Madd_n0052_Madd_cy<5> (Madd_n0052_Madd_cy<5>)
     MUXCY:CI->O           1   0.023   0.000  Madd_n0052_Madd_cy<6> (Madd_n0052_Madd_cy<6>)
     MUXCY:CI->O           1   0.023   0.000  Madd_n0052_Madd_cy<7> (Madd_n0052_Madd_cy<7>)
     MUXCY:CI->O           1   0.023   0.000  Madd_n0052_Madd_cy<8> (Madd_n0052_Madd_cy<8>)
     MUXCY:CI->O           1   0.023   0.000  Madd_n0052_Madd_cy<9> (Madd_n0052_Madd_cy<9>)
     MUXCY:CI->O           1   0.023   0.000  Madd_n0052_Madd_cy<10> (Madd_n0052_Madd_cy<10>)
     MUXCY:CI->O           1   0.023   0.000  Madd_n0052_Madd_cy<11> (Madd_n0052_Madd_cy<11>)
     MUXCY:CI->O           1   0.023   0.000  Madd_n0052_Madd_cy<12> (Madd_n0052_Madd_cy<12>)
     MUXCY:CI->O           1   0.023   0.000  Madd_n0052_Madd_cy<13> (Madd_n0052_Madd_cy<13>)
     MUXCY:CI->O           1   0.023   0.000  Madd_n0052_Madd_cy<14> (Madd_n0052_Madd_cy<14>)
     MUXCY:CI->O           1   0.023   0.000  Madd_n0052_Madd_cy<15> (Madd_n0052_Madd_cy<15>)
     MUXCY:CI->O           1   0.023   0.000  Madd_n0052_Madd_cy<16> (Madd_n0052_Madd_cy<16>)
     MUXCY:CI->O           1   0.023   0.000  Madd_n0052_Madd_cy<17> (Madd_n0052_Madd_cy<17>)
     MUXCY:CI->O           1   0.023   0.000  Madd_n0052_Madd_cy<18> (Madd_n0052_Madd_cy<18>)
     MUXCY:CI->O           1   0.023   0.000  Madd_n0052_Madd_cy<19> (Madd_n0052_Madd_cy<19>)
     MUXCY:CI->O           1   0.023   0.000  Madd_n0052_Madd_cy<20> (Madd_n0052_Madd_cy<20>)
     MUXCY:CI->O           1   0.023   0.000  Madd_n0052_Madd_cy<21> (Madd_n0052_Madd_cy<21>)
     MUXCY:CI->O           1   0.023   0.000  Madd_n0052_Madd_cy<22> (Madd_n0052_Madd_cy<22>)
     MUXCY:CI->O           1   0.023   0.000  Madd_n0052_Madd_cy<23> (Madd_n0052_Madd_cy<23>)
     MUXCY:CI->O           1   0.023   0.000  Madd_n0052_Madd_cy<24> (Madd_n0052_Madd_cy<24>)
     MUXCY:CI->O           1   0.023   0.000  Madd_n0052_Madd_cy<25> (Madd_n0052_Madd_cy<25>)
     MUXCY:CI->O           1   0.023   0.000  Madd_n0052_Madd_cy<26> (Madd_n0052_Madd_cy<26>)
     MUXCY:CI->O           1   0.023   0.000  Madd_n0052_Madd_cy<27> (Madd_n0052_Madd_cy<27>)
     MUXCY:CI->O           1   0.023   0.000  Madd_n0052_Madd_cy<28> (Madd_n0052_Madd_cy<28>)
     MUXCY:CI->O           1   0.023   0.000  Madd_n0052_Madd_cy<29> (Madd_n0052_Madd_cy<29>)
     MUXCY:CI->O           0   0.023   0.000  Madd_n0052_Madd_cy<30> (Madd_n0052_Madd_cy<30>)
     XORCY:CI->O           2   0.206   0.617  Madd_n0052_Madd_xor<31> (n0052<31>)
     LUT6:I5->O            1   0.254   0.000  Mmux__n008211_G (N434)
     MUXF7:I1->O           1   0.175   0.000  Mmux__n008211 (_n0082<1>)
     LD:D                      0.036          alu_out_31
    ----------------------------------------
    Total                      4.470ns (3.062ns logic, 1.409ns route)
                                       (68.5% logic, 31.5% route)

=========================================================================
Timing constraint: Default OFFSET OUT AFTER for Clock '_n0086'
  Total number of paths / destination ports: 32 / 32
-------------------------------------------------------------------------
Offset:              3.875ns (Levels of Logic = 1)
  Source:            alu_out_31 (LATCH)
  Destination:       alu_out<31> (PAD)
  Source Clock:      _n0086 falling

  Data Path: alu_out_31 to alu_out<31>
                                Gate     Net
    Cell:in->out      fanout   Delay   Delay  Logical Name (Net Name)
    ----------------------------------------  ------------
     LD:G->Q               1   0.581   0.579  alu_out_31 (alu_out_31)
     OBUF:I->O                 2.715          alu_out_31_OBUF (alu_out<31>)
    ----------------------------------------
    Total                      3.875ns (3.296ns logic, 0.579ns route)
                                       (85.1% logic, 14.9% route)

=========================================================================

Cross Clock Domains Report:
--------------------------

=========================================================================


Total REAL time to Xst completion: 4.00 secs
Total CPU time to Xst completion: 3.71 secs
 
--> 

Total memory usage is 148064 kilobytes

Number of errors   :    0 (   0 filtered)
Number of warnings :   33 (   0 filtered)
Number of infos    :    0 (   0 filtered)

