Running: F:\Xilinx_ISE\ISE_DS\ISE\bin\nt\unwrapped\fuse.exe -intstyle ise -incremental -lib unisims_ver -lib unimacro_ver -lib xilinxcorelib_ver -lib secureip -o E:/lab6/test_isim_beh.exe -prj E:/lab6/test_beh.prj work.test work.glbl 
ISim M.70d (signature 0x36e8438f)
Number of CPUs detected in this system: 1
Turning on mult-threading, number of parallel sub-compilation jobs: 0 
Determining compilation order of HDL files
Analyzing Verilog file \"E:/lab6/ipcore_dir/Memory.v\" into library work
Analyzing Verilog file \"E:/lab6/SignExtend26.v\" into library work
Analyzing Verilog file \"E:/lab6/SignExtend.v\" into library work
Analyzing Verilog file \"E:/lab6/Registers.v\" into library work
Analyzing Verilog file \"E:/lab6/ControlUnit.v\" into library work
Analyzing Verilog file \"E:/lab6/ALU.v\" into library work
Analyzing Verilog file \"E:/lab6/cpu.v\" into library work
Analyzing Verilog file \"E:/lab6/test.v\" into library work
Analyzing Verilog file \"F:/Xilinx_ISE/ISE_DS/ISE//verilog/src/glbl.v\" into library work
Starting static elaboration
WARNING:HDLCompiler:189 - "E:/lab6/cpu.v" Line 90: Size mismatch in connection of port <write_address>. Formal port size is 5-bit while actual signal size is 32-bit.
WARNING:HDLCompiler:189 - "E:/lab6/cpu.v" Line 110: Size mismatch in connection of port <in>. Formal port size is 28-bit while actual signal size is 26-bit.
Completed static elaboration
Fuse Memory Usage: 71348 KB
Fuse CPU Usage: 120 ms
Compiling module BLK_MEM_GEN_V4_3_output_stage(C_...
Compiling module BLK_MEM_GEN_V4_3_softecc_output_...
Compiling module BLK_MEM_GEN_V4_3_mem_module(C_CO...
Compiling module BLK_MEM_GEN_V4_3(C_FAMILY="spart...
Compiling module Memory
Compiling module ControlUnit
Compiling module Registers
Compiling module ALU
Compiling module SignExtend
Compiling module Get_PC_Jump
Compiling module cpu
Compiling module test
Compiling module glbl
Time Resolution for simulation is 1ps.
Compiled 13 Verilog Units
Built simulation executable E:/lab6/test_isim_beh.exe
Fuse Memory Usage: 77560 KB
Fuse CPU Usage: 220 ms
