Project, 'coregen', initialised from file 'Y:\lab4\lab4\ipcore_dir\coregen.cgp'.
Initializing IP model...
Finished initialising IP model.
Generating IP...
WARNING:sim:89 - A core named <ram> already exists in the output directory.
   Output products for this core may be overwritten.
Initializing IP model...
Finished initialising IP model.
XST: HDL Parsing
XST: HDL Elaboration
XST: HDL Synthesis
XST: Advanced HDL Synthesis
XST: Low Level Synthesis
XST: Partition Report
XST: Design Summary
Generating Implementation files.
Generating ISE symbol file...
WARNING:coreutil - WARNING: Default charset GBK not supported, using ISO-8859-1
   instead
Generating NGC file.
Finished Generation Stage.
Generating IP instantiation template...
Generating the VHDL instantiation template.
WARNING:coreutil - WARNING: Default charset GBK not supported, using ISO-8859-1
   instead
Finished generating IP instantiation template.
Generating metadata file...
Finished generating metadata file.
Generating ISE file...
Finished ISE file generation.
Generating FLIST file...
Finished FLIST file generation.
Preparing output directory...
Finished preparing output directory.
Moving files to output directory...
Finished moving files to output directory
Saved options for project 'coregen'.
