ISim log file
Running: E:\lab5\test_isim_beh.exe -gui -tclbatch isim.cmd -wdb E:/lab5/test_isim_beh.wdb 
ISim M.70d (signature 0x36e8438f)
This is a Full version of ISim.
Time resolution is 1 ps
# onerror resume
# wave add /
# run 1000 ns
Simulator is doing circuit initialization process.
WARNING: This core is supplied with a behavioral model. To model cycle-accurate behavior you must run timing simulation.
WARNING: This core is supplied with a behavioral model. To model cycle-accurate behavior you must run timing simulation.
Finished circuit initialization process.
# restart
# run 1.00us
Simulator is doing circuit initialization process.
WARNING: This core is supplied with a behavioral model. To model cycle-accurate behavior you must run timing simulation.
WARNING: This core is supplied with a behavioral model. To model cycle-accurate behavior you must run timing simulation.
Finished circuit initialization process.
# run 1.00us
# run 1.00us
# run 1.00us
